NoMethodError: undefined method `call' for nil:NilClass
	/Users/carl/.rvm/gems/ree-1.8.7-2010.01/gems/rack-1.2.1/lib/rack/lint.rb:48:in `_call'
	/Users/carl/.rvm/gems/ree-1.8.7-2010.01/gems/rack-1.2.1/lib/rack/lint.rb:36:in `call'
	/Users/carl/.rvm/gems/ree-1.8.7-2010.01/gems/rack-1.2.1/lib/rack/showexceptions.rb:24:in `call'
	/Users/carl/.rvm/gems/ree-1.8.7-2010.01/gems/rack-1.2.1/lib/rack/commonlogger.rb:18:in `call'
	/Users/carl/.rvm/gems/ree-1.8.7-2010.01/gems/rack-1.2.1/lib/rack/content_length.rb:13:in `call'
	/Users/carl/.rvm/gems/ree-1.8.7-2010.01/gems/rack-1.2.1/lib/rack/chunked.rb:15:in `call'
	/Users/carl/.rvm/gems/ree-1.8.7-2010.01/gems/rack-1.2.1/lib/rack/handler/mongrel.rb:67:in `process'
	/Users/carl/.rvm/gems/ree-1.8.7-2010.01/gems/mongrel-1.1.5/lib/mongrel.rb:159:in `process_client'
	/Users/carl/.rvm/gems/ree-1.8.7-2010.01/gems/mongrel-1.1.5/lib/mongrel.rb:158:in `each'
	/Users/carl/.rvm/gems/ree-1.8.7-2010.01/gems/mongrel-1.1.5/lib/mongrel.rb:158:in `process_client'
	/Users/carl/.rvm/gems/ree-1.8.7-2010.01/gems/mongrel-1.1.5/lib/mongrel.rb:285:in `run'
	/Users/carl/.rvm/gems/ree-1.8.7-2010.01/gems/mongrel-1.1.5/lib/mongrel.rb:285:in `initialize'
	/Users/carl/.rvm/gems/ree-1.8.7-2010.01/gems/mongrel-1.1.5/lib/mongrel.rb:285:in `new'
	/Users/carl/.rvm/gems/ree-1.8.7-2010.01/gems/mongrel-1.1.5/lib/mongrel.rb:285:in `run'
	/Users/carl/.rvm/gems/ree-1.8.7-2010.01/gems/mongrel-1.1.5/lib/mongrel.rb:268:in `initialize'
	/Users/carl/.rvm/gems/ree-1.8.7-2010.01/gems/mongrel-1.1.5/lib/mongrel.rb:268:in `new'
	/Users/carl/.rvm/gems/ree-1.8.7-2010.01/gems/mongrel-1.1.5/lib/mongrel.rb:268:in `run'
	/Users/carl/.rvm/gems/ree-1.8.7-2010.01/gems/rack-1.2.1/lib/rack/handler/mongrel.rb:38:in `run'
	/Users/carl/.rvm/gems/ree-1.8.7-2010.01/gems/rack-1.2.1/lib/rack/server.rb:213:in `start'
	/Users/carl/.rvm/gems/ree-1.8.7-2010.01/gems/rack-1.2.1/lib/rack/server.rb:100:in `start'
	/Users/carl/.rvm/gems/ree-1.8.7-2010.01/gems/rack-1.2.1/bin/rackup:4
	/Users/carl/.rvm/gems/ree-1.8.7-2010.01/bin/rackup:19:in `load'
	/Users/carl/.rvm/gems/ree-1.8.7-2010.01/bin/rackup:19
127.0.0.1 - - [13/Nov/2010 19:50:03] "GET / HTTP/1.1" 500 64339 0.0872
NoMethodError: undefined method `call' for nil:NilClass
	/Users/carl/.rvm/gems/ree-1.8.7-2010.01/gems/rack-1.2.1/lib/rack/lint.rb:48:in `_call'
	/Users/carl/.rvm/gems/ree-1.8.7-2010.01/gems/rack-1.2.1/lib/rack/lint.rb:36:in `call'
	/Users/carl/.rvm/gems/ree-1.8.7-2010.01/gems/rack-1.2.1/lib/rack/showexceptions.rb:24:in `call'
	/Users/carl/.rvm/gems/ree-1.8.7-2010.01/gems/rack-1.2.1/lib/rack/commonlogger.rb:18:in `call'
	/Users/carl/.rvm/gems/ree-1.8.7-2010.01/gems/rack-1.2.1/lib/rack/content_length.rb:13:in `call'
	/Users/carl/.rvm/gems/ree-1.8.7-2010.01/gems/rack-1.2.1/lib/rack/chunked.rb:15:in `call'
	/Users/carl/.rvm/gems/ree-1.8.7-2010.01/gems/rack-1.2.1/lib/rack/handler/mongrel.rb:67:in `process'
	/Users/carl/.rvm/gems/ree-1.8.7-2010.01/gems/mongrel-1.1.5/lib/mongrel.rb:159:in `process_client'
	/Users/carl/.rvm/gems/ree-1.8.7-2010.01/gems/mongrel-1.1.5/lib/mongrel.rb:158:in `each'
	/Users/carl/.rvm/gems/ree-1.8.7-2010.01/gems/mongrel-1.1.5/lib/mongrel.rb:158:in `process_client'
	/Users/carl/.rvm/gems/ree-1.8.7-2010.01/gems/mongrel-1.1.5/lib/mongrel.rb:285:in `run'
	/Users/carl/.rvm/gems/ree-1.8.7-2010.01/gems/mongrel-1.1.5/lib/mongrel.rb:285:in `initialize'
	/Users/carl/.rvm/gems/ree-1.8.7-2010.01/gems/mongrel-1.1.5/lib/mongrel.rb:285:in `new'
	/Users/carl/.rvm/gems/ree-1.8.7-2010.01/gems/mongrel-1.1.5/lib/mongrel.rb:285:in `run'
	/Users/carl/.rvm/gems/ree-1.8.7-2010.01/gems/mongrel-1.1.5/lib/mongrel.rb:268:in `initialize'
	/Users/carl/.rvm/gems/ree-1.8.7-2010.01/gems/mongrel-1.1.5/lib/mongrel.rb:268:in `new'
	/Users/carl/.rvm/gems/ree-1.8.7-2010.01/gems/mongrel-1.1.5/lib/mongrel.rb:268:in `run'
	/Users/carl/.rvm/gems/ree-1.8.7-2010.01/gems/rack-1.2.1/lib/rack/handler/mongrel.rb:38:in `run'
	/Users/carl/.rvm/gems/ree-1.8.7-2010.01/gems/rack-1.2.1/lib/rack/server.rb:213:in `start'
	/Users/carl/.rvm/gems/ree-1.8.7-2010.01/gems/rack-1.2.1/lib/rack/server.rb:100:in `start'
	/Users/carl/.rvm/gems/ree-1.8.7-2010.01/gems/rack-1.2.1/bin/rackup:4
	/Users/carl/.rvm/gems/ree-1.8.7-2010.01/bin/rackup:19:in `load'
	/Users/carl/.rvm/gems/ree-1.8.7-2010.01/bin/rackup:19
127.0.0.1 - - [13/Nov/2010 19:50:07] "GET / HTTP/1.1" 500 64339 0.0632
NoMethodError: undefined method `call' for nil:NilClass
	/Users/carl/.rvm/gems/ree-1.8.7-2010.01/gems/rack-1.2.1/lib/rack/lint.rb:48:in `_call'
	/Users/carl/.rvm/gems/ree-1.8.7-2010.01/gems/rack-1.2.1/lib/rack/lint.rb:36:in `call'
	/Users/carl/.rvm/gems/ree-1.8.7-2010.01/gems/rack-1.2.1/lib/rack/showexceptions.rb:24:in `call'
	/Users/carl/.rvm/gems/ree-1.8.7-2010.01/gems/rack-1.2.1/lib/rack/commonlogger.rb:18:in `call'
	/Users/carl/.rvm/gems/ree-1.8.7-2010.01/gems/rack-1.2.1/lib/rack/content_length.rb:13:in `call'
	/Users/carl/.rvm/gems/ree-1.8.7-2010.01/gems/rack-1.2.1/lib/rack/chunked.rb:15:in `call'
	/Users/carl/.rvm/gems/ree-1.8.7-2010.01/gems/rack-1.2.1/lib/rack/handler/mongrel.rb:67:in `process'
	/Users/carl/.rvm/gems/ree-1.8.7-2010.01/gems/mongrel-1.1.5/lib/mongrel.rb:159:in `process_client'
	/Users/carl/.rvm/gems/ree-1.8.7-2010.01/gems/mongrel-1.1.5/lib/mongrel.rb:158:in `each'
	/Users/carl/.rvm/gems/ree-1.8.7-2010.01/gems/mongrel-1.1.5/lib/mongrel.rb:158:in `process_client'
	/Users/carl/.rvm/gems/ree-1.8.7-2010.01/gems/mongrel-1.1.5/lib/mongrel.rb:285:in `run'
	/Users/carl/.rvm/gems/ree-1.8.7-2010.01/gems/mongrel-1.1.5/lib/mongrel.rb:285:in `initialize'
	/Users/carl/.rvm/gems/ree-1.8.7-2010.01/gems/mongrel-1.1.5/lib/mongrel.rb:285:in `new'
	/Users/carl/.rvm/gems/ree-1.8.7-2010.01/gems/mongrel-1.1.5/lib/mongrel.rb:285:in `run'
	/Users/carl/.rvm/gems/ree-1.8.7-2010.01/gems/mongrel-1.1.5/lib/mongrel.rb:268:in `initialize'
	/Users/carl/.rvm/gems/ree-1.8.7-2010.01/gems/mongrel-1.1.5/lib/mongrel.rb:268:in `new'
	/Users/carl/.rvm/gems/ree-1.8.7-2010.01/gems/mongrel-1.1.5/lib/mongrel.rb:268:in `run'
	/Users/carl/.rvm/gems/ree-1.8.7-2010.01/gems/rack-1.2.1/lib/rack/handler/mongrel.rb:38:in `run'
	/Users/carl/.rvm/gems/ree-1.8.7-2010.01/gems/rack-1.2.1/lib/rack/server.rb:213:in `start'
	/Users/carl/.rvm/gems/ree-1.8.7-2010.01/gems/rack-1.2.1/lib/rack/server.rb:100:in `start'
	/Users/carl/.rvm/gems/ree-1.8.7-2010.01/gems/rack-1.2.1/bin/rackup:4
	/Users/carl/.rvm/gems/ree-1.8.7-2010.01/bin/rackup:19:in `load'
	/Users/carl/.rvm/gems/ree-1.8.7-2010.01/bin/rackup:19
127.0.0.1 - - [13/Nov/2010 19:50:07] "GET / HTTP/1.1" 500 64339 0.0170
NoMethodError: undefined method `call' for nil:NilClass
	/Users/carl/.rvm/gems/ree-1.8.7-2010.01/gems/rack-1.2.1/lib/rack/lint.rb:48:in `_call'
	/Users/carl/.rvm/gems/ree-1.8.7-2010.01/gems/rack-1.2.1/lib/rack/lint.rb:36:in `call'
	/Users/carl/.rvm/gems/ree-1.8.7-2010.01/gems/rack-1.2.1/lib/rack/showexceptions.rb:24:in `call'
	/Users/carl/.rvm/gems/ree-1.8.7-2010.01/gems/rack-1.2.1/lib/rack/commonlogger.rb:18:in `call'
	/Users/carl/.rvm/gems/ree-1.8.7-2010.01/gems/rack-1.2.1/lib/rack/content_length.rb:13:in `call'
	/Users/carl/.rvm/gems/ree-1.8.7-2010.01/gems/rack-1.2.1/lib/rack/chunked.rb:15:in `call'
	/Users/carl/.rvm/gems/ree-1.8.7-2010.01/gems/rack-1.2.1/lib/rack/handler/mongrel.rb:67:in `process'
	/Users/carl/.rvm/gems/ree-1.8.7-2010.01/gems/mongrel-1.1.5/lib/mongrel.rb:159:in `process_client'
	/Users/carl/.rvm/gems/ree-1.8.7-2010.01/gems/mongrel-1.1.5/lib/mongrel.rb:158:in `each'
	/Users/carl/.rvm/gems/ree-1.8.7-2010.01/gems/mongrel-1.1.5/lib/mongrel.rb:158:in `process_client'
	/Users/carl/.rvm/gems/ree-1.8.7-2010.01/gems/mongrel-1.1.5/lib/mongrel.rb:285:in `run'
	/Users/carl/.rvm/gems/ree-1.8.7-2010.01/gems/mongrel-1.1.5/lib/mongrel.rb:285:in `initialize'
	/Users/carl/.rvm/gems/ree-1.8.7-2010.01/gems/mongrel-1.1.5/lib/mongrel.rb:285:in `new'
	/Users/carl/.rvm/gems/ree-1.8.7-2010.01/gems/mongrel-1.1.5/lib/mongrel.rb:285:in `run'
	/Users/carl/.rvm/gems/ree-1.8.7-2010.01/gems/mongrel-1.1.5/lib/mongrel.rb:268:in `initialize'
	/Users/carl/.rvm/gems/ree-1.8.7-2010.01/gems/mongrel-1.1.5/lib/mongrel.rb:268:in `new'
	/Users/carl/.rvm/gems/ree-1.8.7-2010.01/gems/mongrel-1.1.5/lib/mongrel.rb:268:in `run'
	/Users/carl/.rvm/gems/ree-1.8.7-2010.01/gems/rack-1.2.1/lib/rack/handler/mongrel.rb:38:in `run'
	/Users/carl/.rvm/gems/ree-1.8.7-2010.01/gems/rack-1.2.1/lib/rack/server.rb:213:in `start'
	/Users/carl/.rvm/gems/ree-1.8.7-2010.01/gems/rack-1.2.1/lib/rack/server.rb:100:in `start'
	/Users/carl/.rvm/gems/ree-1.8.7-2010.01/gems/rack-1.2.1/bin/rackup:4
	/Users/carl/.rvm/gems/ree-1.8.7-2010.01/bin/rackup:19:in `load'
	/Users/carl/.rvm/gems/ree-1.8.7-2010.01/bin/rackup:19
127.0.0.1 - - [13/Nov/2010 19:50:08] "GET / HTTP/1.1" 500 64339 0.0195
NoMethodError: undefined method `call' for nil:NilClass
	/Users/carl/.rvm/gems/ree-1.8.7-2010.01/gems/rack-1.2.1/lib/rack/lint.rb:48:in `_call'
	/Users/carl/.rvm/gems/ree-1.8.7-2010.01/gems/rack-1.2.1/lib/rack/lint.rb:36:in `call'
	/Users/carl/.rvm/gems/ree-1.8.7-2010.01/gems/rack-1.2.1/lib/rack/showexceptions.rb:24:in `call'
	/Users/carl/.rvm/gems/ree-1.8.7-2010.01/gems/rack-1.2.1/lib/rack/commonlogger.rb:18:in `call'
	/Users/carl/.rvm/gems/ree-1.8.7-2010.01/gems/rack-1.2.1/lib/rack/content_length.rb:13:in `call'
	/Users/carl/.rvm/gems/ree-1.8.7-2010.01/gems/rack-1.2.1/lib/rack/chunked.rb:15:in `call'
	/Users/carl/.rvm/gems/ree-1.8.7-2010.01/gems/rack-1.2.1/lib/rack/handler/mongrel.rb:67:in `process'
	/Users/carl/.rvm/gems/ree-1.8.7-2010.01/gems/mongrel-1.1.5/lib/mongrel.rb:159:in `process_client'
	/Users/carl/.rvm/gems/ree-1.8.7-2010.01/gems/mongrel-1.1.5/lib/mongrel.rb:158:in `each'
	/Users/carl/.rvm/gems/ree-1.8.7-2010.01/gems/mongrel-1.1.5/lib/mongrel.rb:158:in `process_client'
	/Users/carl/.rvm/gems/ree-1.8.7-2010.01/gems/mongrel-1.1.5/lib/mongrel.rb:285:in `run'
	/Users/carl/.rvm/gems/ree-1.8.7-2010.01/gems/mongrel-1.1.5/lib/mongrel.rb:285:in `initialize'
	/Users/carl/.rvm/gems/ree-1.8.7-2010.01/gems/mongrel-1.1.5/lib/mongrel.rb:285:in `new'
	/Users/carl/.rvm/gems/ree-1.8.7-2010.01/gems/mongrel-1.1.5/lib/mongrel.rb:285:in `run'
	/Users/carl/.rvm/gems/ree-1.8.7-2010.01/gems/mongrel-1.1.5/lib/mongrel.rb:268:in `initialize'
	/Users/carl/.rvm/gems/ree-1.8.7-2010.01/gems/mongrel-1.1.5/lib/mongrel.rb:268:in `new'
	/Users/carl/.rvm/gems/ree-1.8.7-2010.01/gems/mongrel-1.1.5/lib/mongrel.rb:268:in `run'
	/Users/carl/.rvm/gems/ree-1.8.7-2010.01/gems/rack-1.2.1/lib/rack/handler/mongrel.rb:38:in `run'
	/Users/carl/.rvm/gems/ree-1.8.7-2010.01/gems/rack-1.2.1/lib/rack/server.rb:213:in `start'
	/Users/carl/.rvm/gems/ree-1.8.7-2010.01/gems/rack-1.2.1/lib/rack/server.rb:100:in `start'
	/Users/carl/.rvm/gems/ree-1.8.7-2010.01/gems/rack-1.2.1/bin/rackup:4
	/Users/carl/.rvm/gems/ree-1.8.7-2010.01/bin/rackup:19:in `load'
	/Users/carl/.rvm/gems/ree-1.8.7-2010.01/bin/rackup:19
127.0.0.1 - - [13/Nov/2010 19:50:42] "GET / HTTP/1.1" 500 64339 0.0189
/Users/carl/.rvm/gems/ree-1.8.7-2010.01/gems/mongrel-1.1.5/lib/mongrel/tcphack.rb:12:in `initialize_without_backlog': Address already in use - bind(2) (Errno::EADDRINUSE)
	from /Users/carl/.rvm/gems/ree-1.8.7-2010.01/gems/mongrel-1.1.5/lib/mongrel/tcphack.rb:12:in `initialize'
	from /Users/carl/.rvm/gems/ree-1.8.7-2010.01/gems/mongrel-1.1.5/lib/mongrel.rb:93:in `new'
	from /Users/carl/.rvm/gems/ree-1.8.7-2010.01/gems/mongrel-1.1.5/lib/mongrel.rb:93:in `initialize'
	from /Users/carl/.rvm/gems/ree-1.8.7-2010.01/gems/rack-1.2.1/lib/rack/handler/mongrel.rb:10:in `new'
	from /Users/carl/.rvm/gems/ree-1.8.7-2010.01/gems/rack-1.2.1/lib/rack/handler/mongrel.rb:10:in `run'
	from /Users/carl/.rvm/gems/ree-1.8.7-2010.01/gems/rack-1.2.1/lib/rack/server.rb:213:in `start'
	from /Users/carl/.rvm/gems/ree-1.8.7-2010.01/gems/rack-1.2.1/lib/rack/server.rb:100:in `start'
	from /Users/carl/.rvm/gems/ree-1.8.7-2010.01/gems/rack-1.2.1/bin/rackup:4
	from /Users/carl/.rvm/gems/ree-1.8.7-2010.01/bin/rackup:19:in `load'
	from /Users/carl/.rvm/gems/ree-1.8.7-2010.01/bin/rackup:19
NoMethodError: undefined method `call' for nil:NilClass
	/Users/carl/.rvm/gems/ree-1.8.7-2010.01/gems/rack-1.2.1/lib/rack/lint.rb:48:in `_call'
	/Users/carl/.rvm/gems/ree-1.8.7-2010.01/gems/rack-1.2.1/lib/rack/lint.rb:36:in `call'
	/Users/carl/.rvm/gems/ree-1.8.7-2010.01/gems/rack-1.2.1/lib/rack/showexceptions.rb:24:in `call'
	/Users/carl/.rvm/gems/ree-1.8.7-2010.01/gems/rack-1.2.1/lib/rack/commonlogger.rb:18:in `call'
	/Users/carl/.rvm/gems/ree-1.8.7-2010.01/gems/rack-1.2.1/lib/rack/content_length.rb:13:in `call'
	/Users/carl/.rvm/gems/ree-1.8.7-2010.01/gems/rack-1.2.1/lib/rack/chunked.rb:15:in `call'
	/Users/carl/.rvm/gems/ree-1.8.7-2010.01/gems/rack-1.2.1/lib/rack/handler/mongrel.rb:67:in `process'
	/Users/carl/.rvm/gems/ree-1.8.7-2010.01/gems/mongrel-1.1.5/lib/mongrel.rb:159:in `process_client'
	/Users/carl/.rvm/gems/ree-1.8.7-2010.01/gems/mongrel-1.1.5/lib/mongrel.rb:158:in `each'
	/Users/carl/.rvm/gems/ree-1.8.7-2010.01/gems/mongrel-1.1.5/lib/mongrel.rb:158:in `process_client'
	/Users/carl/.rvm/gems/ree-1.8.7-2010.01/gems/mongrel-1.1.5/lib/mongrel.rb:285:in `run'
	/Users/carl/.rvm/gems/ree-1.8.7-2010.01/gems/mongrel-1.1.5/lib/mongrel.rb:285:in `initialize'
	/Users/carl/.rvm/gems/ree-1.8.7-2010.01/gems/mongrel-1.1.5/lib/mongrel.rb:285:in `new'
	/Users/carl/.rvm/gems/ree-1.8.7-2010.01/gems/mongrel-1.1.5/lib/mongrel.rb:285:in `run'
	/Users/carl/.rvm/gems/ree-1.8.7-2010.01/gems/mongrel-1.1.5/lib/mongrel.rb:268:in `initialize'
	/Users/carl/.rvm/gems/ree-1.8.7-2010.01/gems/mongrel-1.1.5/lib/mongrel.rb:268:in `new'
	/Users/carl/.rvm/gems/ree-1.8.7-2010.01/gems/mongrel-1.1.5/lib/mongrel.rb:268:in `run'
	/Users/carl/.rvm/gems/ree-1.8.7-2010.01/gems/rack-1.2.1/lib/rack/handler/mongrel.rb:38:in `run'
	/Users/carl/.rvm/gems/ree-1.8.7-2010.01/gems/rack-1.2.1/lib/rack/server.rb:213:in `start'
	/Users/carl/.rvm/gems/ree-1.8.7-2010.01/gems/rack-1.2.1/lib/rack/server.rb:100:in `start'
	/Users/carl/.rvm/gems/ree-1.8.7-2010.01/gems/rack-1.2.1/bin/rackup:4
	/Users/carl/.rvm/gems/ree-1.8.7-2010.01/bin/rackup:19:in `load'
	/Users/carl/.rvm/gems/ree-1.8.7-2010.01/bin/rackup:19
127.0.0.1 - - [13/Nov/2010 19:51:47] "GET / HTTP/1.1" 500 64339 0.0182
NoMethodError: undefined method `call' for nil:NilClass
	/Users/carl/.rvm/gems/ree-1.8.7-2010.01/gems/rack-1.2.1/lib/rack/lint.rb:48:in `_call'
	/Users/carl/.rvm/gems/ree-1.8.7-2010.01/gems/rack-1.2.1/lib/rack/lint.rb:36:in `call'
	/Users/carl/.rvm/gems/ree-1.8.7-2010.01/gems/rack-1.2.1/lib/rack/showexceptions.rb:24:in `call'
	/Users/carl/.rvm/gems/ree-1.8.7-2010.01/gems/rack-1.2.1/lib/rack/commonlogger.rb:18:in `call'
	/Users/carl/.rvm/gems/ree-1.8.7-2010.01/gems/rack-1.2.1/lib/rack/content_length.rb:13:in `call'
	/Users/carl/.rvm/gems/ree-1.8.7-2010.01/gems/rack-1.2.1/lib/rack/chunked.rb:15:in `call'
	/Users/carl/.rvm/gems/ree-1.8.7-2010.01/gems/rack-1.2.1/lib/rack/handler/mongrel.rb:67:in `process'
	/Users/carl/.rvm/gems/ree-1.8.7-2010.01/gems/mongrel-1.1.5/lib/mongrel.rb:159:in `process_client'
	/Users/carl/.rvm/gems/ree-1.8.7-2010.01/gems/mongrel-1.1.5/lib/mongrel.rb:158:in `each'
	/Users/carl/.rvm/gems/ree-1.8.7-2010.01/gems/mongrel-1.1.5/lib/mongrel.rb:158:in `process_client'
	/Users/carl/.rvm/gems/ree-1.8.7-2010.01/gems/mongrel-1.1.5/lib/mongrel.rb:285:in `run'
	/Users/carl/.rvm/gems/ree-1.8.7-2010.01/gems/mongrel-1.1.5/lib/mongrel.rb:285:in `initialize'
	/Users/carl/.rvm/gems/ree-1.8.7-2010.01/gems/mongrel-1.1.5/lib/mongrel.rb:285:in `new'
	/Users/carl/.rvm/gems/ree-1.8.7-2010.01/gems/mongrel-1.1.5/lib/mongrel.rb:285:in `run'
	/Users/carl/.rvm/gems/ree-1.8.7-2010.01/gems/mongrel-1.1.5/lib/mongrel.rb:268:in `initialize'
	/Users/carl/.rvm/gems/ree-1.8.7-2010.01/gems/mongrel-1.1.5/lib/mongrel.rb:268:in `new'
	/Users/carl/.rvm/gems/ree-1.8.7-2010.01/gems/mongrel-1.1.5/lib/mongrel.rb:268:in `run'
	/Users/carl/.rvm/gems/ree-1.8.7-2010.01/gems/rack-1.2.1/lib/rack/handler/mongrel.rb:38:in `run'
	/Users/carl/.rvm/gems/ree-1.8.7-2010.01/gems/rack-1.2.1/lib/rack/server.rb:213:in `start'
	/Users/carl/.rvm/gems/ree-1.8.7-2010.01/gems/rack-1.2.1/lib/rack/server.rb:100:in `start'
	/Users/carl/.rvm/gems/ree-1.8.7-2010.01/gems/rack-1.2.1/bin/rackup:4
	/Users/carl/.rvm/gems/ree-1.8.7-2010.01/bin/rackup:19:in `load'
	/Users/carl/.rvm/gems/ree-1.8.7-2010.01/bin/rackup:19
127.0.0.1 - - [13/Nov/2010 19:51:47] "GET / HTTP/1.1" 500 64339 0.0559
NoMethodError: undefined method `call' for nil:NilClass
	/Users/carl/.rvm/gems/ree-1.8.7-2010.01/gems/rack-1.2.1/lib/rack/lint.rb:48:in `_call'
	/Users/carl/.rvm/gems/ree-1.8.7-2010.01/gems/rack-1.2.1/lib/rack/lint.rb:36:in `call'
	/Users/carl/.rvm/gems/ree-1.8.7-2010.01/gems/rack-1.2.1/lib/rack/showexceptions.rb:24:in `call'
	/Users/carl/.rvm/gems/ree-1.8.7-2010.01/gems/rack-1.2.1/lib/rack/commonlogger.rb:18:in `call'
	/Users/carl/.rvm/gems/ree-1.8.7-2010.01/gems/rack-1.2.1/lib/rack/content_length.rb:13:in `call'
	/Users/carl/.rvm/gems/ree-1.8.7-2010.01/gems/rack-1.2.1/lib/rack/chunked.rb:15:in `call'
	/Users/carl/.rvm/gems/ree-1.8.7-2010.01/gems/rack-1.2.1/lib/rack/handler/mongrel.rb:67:in `process'
	/Users/carl/.rvm/gems/ree-1.8.7-2010.01/gems/mongrel-1.1.5/lib/mongrel.rb:159:in `process_client'
	/Users/carl/.rvm/gems/ree-1.8.7-2010.01/gems/mongrel-1.1.5/lib/mongrel.rb:158:in `each'
	/Users/carl/.rvm/gems/ree-1.8.7-2010.01/gems/mongrel-1.1.5/lib/mongrel.rb:158:in `process_client'
	/Users/carl/.rvm/gems/ree-1.8.7-2010.01/gems/mongrel-1.1.5/lib/mongrel.rb:285:in `run'
	/Users/carl/.rvm/gems/ree-1.8.7-2010.01/gems/mongrel-1.1.5/lib/mongrel.rb:285:in `initialize'
	/Users/carl/.rvm/gems/ree-1.8.7-2010.01/gems/mongrel-1.1.5/lib/mongrel.rb:285:in `new'
	/Users/carl/.rvm/gems/ree-1.8.7-2010.01/gems/mongrel-1.1.5/lib/mongrel.rb:285:in `run'
	/Users/carl/.rvm/gems/ree-1.8.7-2010.01/gems/mongrel-1.1.5/lib/mongrel.rb:268:in `initialize'
	/Users/carl/.rvm/gems/ree-1.8.7-2010.01/gems/mongrel-1.1.5/lib/mongrel.rb:268:in `new'
	/Users/carl/.rvm/gems/ree-1.8.7-2010.01/gems/mongrel-1.1.5/lib/mongrel.rb:268:in `run'
	/Users/carl/.rvm/gems/ree-1.8.7-2010.01/gems/rack-1.2.1/lib/rack/handler/mongrel.rb:38:in `run'
	/Users/carl/.rvm/gems/ree-1.8.7-2010.01/gems/rack-1.2.1/lib/rack/server.rb:213:in `start'
	/Users/carl/.rvm/gems/ree-1.8.7-2010.01/gems/rack-1.2.1/lib/rack/server.rb:100:in `start'
	/Users/carl/.rvm/gems/ree-1.8.7-2010.01/gems/rack-1.2.1/bin/rackup:4
	/Users/carl/.rvm/gems/ree-1.8.7-2010.01/bin/rackup:19:in `load'
	/Users/carl/.rvm/gems/ree-1.8.7-2010.01/bin/rackup:19
127.0.0.1 - - [13/Nov/2010 19:51:47] "GET / HTTP/1.1" 500 64339 0.0188
NoMethodError: undefined method `call' for nil:NilClass
	/Users/carl/.rvm/gems/ree-1.8.7-2010.01/gems/rack-1.2.1/lib/rack/lint.rb:48:in `_call'
	/Users/carl/.rvm/gems/ree-1.8.7-2010.01/gems/rack-1.2.1/lib/rack/lint.rb:36:in `call'
	/Users/carl/.rvm/gems/ree-1.8.7-2010.01/gems/rack-1.2.1/lib/rack/showexceptions.rb:24:in `call'
	/Users/carl/.rvm/gems/ree-1.8.7-2010.01/gems/rack-1.2.1/lib/rack/commonlogger.rb:18:in `call'
	/Users/carl/.rvm/gems/ree-1.8.7-2010.01/gems/rack-1.2.1/lib/rack/content_length.rb:13:in `call'
	/Users/carl/.rvm/gems/ree-1.8.7-2010.01/gems/rack-1.2.1/lib/rack/chunked.rb:15:in `call'
	/Users/carl/.rvm/gems/ree-1.8.7-2010.01/gems/rack-1.2.1/lib/rack/handler/mongrel.rb:67:in `process'
	/Users/carl/.rvm/gems/ree-1.8.7-2010.01/gems/mongrel-1.1.5/lib/mongrel.rb:159:in `process_client'
	/Users/carl/.rvm/gems/ree-1.8.7-2010.01/gems/mongrel-1.1.5/lib/mongrel.rb:158:in `each'
	/Users/carl/.rvm/gems/ree-1.8.7-2010.01/gems/mongrel-1.1.5/lib/mongrel.rb:158:in `process_client'
	/Users/carl/.rvm/gems/ree-1.8.7-2010.01/gems/mongrel-1.1.5/lib/mongrel.rb:285:in `run'
	/Users/carl/.rvm/gems/ree-1.8.7-2010.01/gems/mongrel-1.1.5/lib/mongrel.rb:285:in `initialize'
	/Users/carl/.rvm/gems/ree-1.8.7-2010.01/gems/mongrel-1.1.5/lib/mongrel.rb:285:in `new'
	/Users/carl/.rvm/gems/ree-1.8.7-2010.01/gems/mongrel-1.1.5/lib/mongrel.rb:285:in `run'
	/Users/carl/.rvm/gems/ree-1.8.7-2010.01/gems/mongrel-1.1.5/lib/mongrel.rb:268:in `initialize'
	/Users/carl/.rvm/gems/ree-1.8.7-2010.01/gems/mongrel-1.1.5/lib/mongrel.rb:268:in `new'
	/Users/carl/.rvm/gems/ree-1.8.7-2010.01/gems/mongrel-1.1.5/lib/mongrel.rb:268:in `run'
	/Users/carl/.rvm/gems/ree-1.8.7-2010.01/gems/rack-1.2.1/lib/rack/handler/mongrel.rb:38:in `run'
	/Users/carl/.rvm/gems/ree-1.8.7-2010.01/gems/rack-1.2.1/lib/rack/server.rb:213:in `start'
	/Users/carl/.rvm/gems/ree-1.8.7-2010.01/gems/rack-1.2.1/lib/rack/server.rb:100:in `start'
	/Users/carl/.rvm/gems/ree-1.8.7-2010.01/gems/rack-1.2.1/bin/rackup:4
	/Users/carl/.rvm/gems/ree-1.8.7-2010.01/bin/rackup:19:in `load'
	/Users/carl/.rvm/gems/ree-1.8.7-2010.01/bin/rackup:19
127.0.0.1 - - [13/Nov/2010 19:51:50] "GET /hi HTTP/1.1" 500 64214 0.0203
NoMethodError: undefined method `call' for nil:NilClass
	/Users/carl/.rvm/gems/ree-1.8.7-2010.01/gems/rack-1.2.1/lib/rack/lint.rb:48:in `_call'
	/Users/carl/.rvm/gems/ree-1.8.7-2010.01/gems/rack-1.2.1/lib/rack/lint.rb:36:in `call'
	/Users/carl/.rvm/gems/ree-1.8.7-2010.01/gems/rack-1.2.1/lib/rack/showexceptions.rb:24:in `call'
	/Users/carl/.rvm/gems/ree-1.8.7-2010.01/gems/rack-1.2.1/lib/rack/commonlogger.rb:18:in `call'
	/Users/carl/.rvm/gems/ree-1.8.7-2010.01/gems/rack-1.2.1/lib/rack/content_length.rb:13:in `call'
	/Users/carl/.rvm/gems/ree-1.8.7-2010.01/gems/rack-1.2.1/lib/rack/chunked.rb:15:in `call'
	/Users/carl/.rvm/gems/ree-1.8.7-2010.01/gems/rack-1.2.1/lib/rack/handler/mongrel.rb:67:in `process'
	/Users/carl/.rvm/gems/ree-1.8.7-2010.01/gems/mongrel-1.1.5/lib/mongrel.rb:159:in `process_client'
	/Users/carl/.rvm/gems/ree-1.8.7-2010.01/gems/mongrel-1.1.5/lib/mongrel.rb:158:in `each'
	/Users/carl/.rvm/gems/ree-1.8.7-2010.01/gems/mongrel-1.1.5/lib/mongrel.rb:158:in `process_client'
	/Users/carl/.rvm/gems/ree-1.8.7-2010.01/gems/mongrel-1.1.5/lib/mongrel.rb:285:in `run'
	/Users/carl/.rvm/gems/ree-1.8.7-2010.01/gems/mongrel-1.1.5/lib/mongrel.rb:285:in `initialize'
	/Users/carl/.rvm/gems/ree-1.8.7-2010.01/gems/mongrel-1.1.5/lib/mongrel.rb:285:in `new'
	/Users/carl/.rvm/gems/ree-1.8.7-2010.01/gems/mongrel-1.1.5/lib/mongrel.rb:285:in `run'
	/Users/carl/.rvm/gems/ree-1.8.7-2010.01/gems/mongrel-1.1.5/lib/mongrel.rb:268:in `initialize'
	/Users/carl/.rvm/gems/ree-1.8.7-2010.01/gems/mongrel-1.1.5/lib/mongrel.rb:268:in `new'
	/Users/carl/.rvm/gems/ree-1.8.7-2010.01/gems/mongrel-1.1.5/lib/mongrel.rb:268:in `run'
	/Users/carl/.rvm/gems/ree-1.8.7-2010.01/gems/rack-1.2.1/lib/rack/handler/mongrel.rb:38:in `run'
	/Users/carl/.rvm/gems/ree-1.8.7-2010.01/gems/rack-1.2.1/lib/rack/server.rb:213:in `start'
	/Users/carl/.rvm/gems/ree-1.8.7-2010.01/gems/rack-1.2.1/lib/rack/server.rb:100:in `start'
	/Users/carl/.rvm/gems/ree-1.8.7-2010.01/gems/rack-1.2.1/bin/rackup:4
	/Users/carl/.rvm/gems/ree-1.8.7-2010.01/bin/rackup:19:in `load'
	/Users/carl/.rvm/gems/ree-1.8.7-2010.01/bin/rackup:19
127.0.0.1 - - [13/Nov/2010 19:51:52] "GET /hi HTTP/1.1" 500 64351 0.0197
NoMethodError: undefined method `call' for nil:NilClass
	/Users/carl/.rvm/gems/ree-1.8.7-2010.01/gems/rack-1.2.1/lib/rack/lint.rb:48:in `_call'
	/Users/carl/.rvm/gems/ree-1.8.7-2010.01/gems/rack-1.2.1/lib/rack/lint.rb:36:in `call'
	/Users/carl/.rvm/gems/ree-1.8.7-2010.01/gems/rack-1.2.1/lib/rack/showexceptions.rb:24:in `call'
	/Users/carl/.rvm/gems/ree-1.8.7-2010.01/gems/rack-1.2.1/lib/rack/commonlogger.rb:18:in `call'
	/Users/carl/.rvm/gems/ree-1.8.7-2010.01/gems/rack-1.2.1/lib/rack/content_length.rb:13:in `call'
	/Users/carl/.rvm/gems/ree-1.8.7-2010.01/gems/rack-1.2.1/lib/rack/chunked.rb:15:in `call'
	/Users/carl/.rvm/gems/ree-1.8.7-2010.01/gems/rack-1.2.1/lib/rack/handler/mongrel.rb:67:in `process'
	/Users/carl/.rvm/gems/ree-1.8.7-2010.01/gems/mongrel-1.1.5/lib/mongrel.rb:159:in `process_client'
	/Users/carl/.rvm/gems/ree-1.8.7-2010.01/gems/mongrel-1.1.5/lib/mongrel.rb:158:in `each'
	/Users/carl/.rvm/gems/ree-1.8.7-2010.01/gems/mongrel-1.1.5/lib/mongrel.rb:158:in `process_client'
	/Users/carl/.rvm/gems/ree-1.8.7-2010.01/gems/mongrel-1.1.5/lib/mongrel.rb:285:in `run'
	/Users/carl/.rvm/gems/ree-1.8.7-2010.01/gems/mongrel-1.1.5/lib/mongrel.rb:285:in `initialize'
	/Users/carl/.rvm/gems/ree-1.8.7-2010.01/gems/mongrel-1.1.5/lib/mongrel.rb:285:in `new'
	/Users/carl/.rvm/gems/ree-1.8.7-2010.01/gems/mongrel-1.1.5/lib/mongrel.rb:285:in `run'
	/Users/carl/.rvm/gems/ree-1.8.7-2010.01/gems/mongrel-1.1.5/lib/mongrel.rb:268:in `initialize'
	/Users/carl/.rvm/gems/ree-1.8.7-2010.01/gems/mongrel-1.1.5/lib/mongrel.rb:268:in `new'
	/Users/carl/.rvm/gems/ree-1.8.7-2010.01/gems/mongrel-1.1.5/lib/mongrel.rb:268:in `run'
	/Users/carl/.rvm/gems/ree-1.8.7-2010.01/gems/rack-1.2.1/lib/rack/handler/mongrel.rb:38:in `run'
	/Users/carl/.rvm/gems/ree-1.8.7-2010.01/gems/rack-1.2.1/lib/rack/server.rb:213:in `start'
	/Users/carl/.rvm/gems/ree-1.8.7-2010.01/gems/rack-1.2.1/lib/rack/server.rb:100:in `start'
	/Users/carl/.rvm/gems/ree-1.8.7-2010.01/gems/rack-1.2.1/bin/rackup:4
	/Users/carl/.rvm/gems/ree-1.8.7-2010.01/bin/rackup:19:in `load'
	/Users/carl/.rvm/gems/ree-1.8.7-2010.01/bin/rackup:19
127.0.0.1 - - [13/Nov/2010 19:52:21] "GET /hi HTTP/1.1" 500 64351 0.0184
NoMethodError: undefined method `call' for nil:NilClass
	/Users/carl/.rvm/gems/ree-1.8.7-2010.01/gems/rack-1.2.1/lib/rack/lint.rb:48:in `_call'
	/Users/carl/.rvm/gems/ree-1.8.7-2010.01/gems/rack-1.2.1/lib/rack/lint.rb:36:in `call'
	/Users/carl/.rvm/gems/ree-1.8.7-2010.01/gems/rack-1.2.1/lib/rack/showexceptions.rb:24:in `call'
	/Users/carl/.rvm/gems/ree-1.8.7-2010.01/gems/rack-1.2.1/lib/rack/commonlogger.rb:18:in `call'
	/Users/carl/.rvm/gems/ree-1.8.7-2010.01/gems/rack-1.2.1/lib/rack/content_length.rb:13:in `call'
	/Users/carl/.rvm/gems/ree-1.8.7-2010.01/gems/rack-1.2.1/lib/rack/chunked.rb:15:in `call'
	/Users/carl/.rvm/gems/ree-1.8.7-2010.01/gems/rack-1.2.1/lib/rack/handler/mongrel.rb:67:in `process'
	/Users/carl/.rvm/gems/ree-1.8.7-2010.01/gems/mongrel-1.1.5/lib/mongrel.rb:159:in `process_client'
	/Users/carl/.rvm/gems/ree-1.8.7-2010.01/gems/mongrel-1.1.5/lib/mongrel.rb:158:in `each'
	/Users/carl/.rvm/gems/ree-1.8.7-2010.01/gems/mongrel-1.1.5/lib/mongrel.rb:158:in `process_client'
	/Users/carl/.rvm/gems/ree-1.8.7-2010.01/gems/mongrel-1.1.5/lib/mongrel.rb:285:in `run'
	/Users/carl/.rvm/gems/ree-1.8.7-2010.01/gems/mongrel-1.1.5/lib/mongrel.rb:285:in `initialize'
	/Users/carl/.rvm/gems/ree-1.8.7-2010.01/gems/mongrel-1.1.5/lib/mongrel.rb:285:in `new'
	/Users/carl/.rvm/gems/ree-1.8.7-2010.01/gems/mongrel-1.1.5/lib/mongrel.rb:285:in `run'
	/Users/carl/.rvm/gems/ree-1.8.7-2010.01/gems/mongrel-1.1.5/lib/mongrel.rb:268:in `initialize'
	/Users/carl/.rvm/gems/ree-1.8.7-2010.01/gems/mongrel-1.1.5/lib/mongrel.rb:268:in `new'
	/Users/carl/.rvm/gems/ree-1.8.7-2010.01/gems/mongrel-1.1.5/lib/mongrel.rb:268:in `run'
	/Users/carl/.rvm/gems/ree-1.8.7-2010.01/gems/rack-1.2.1/lib/rack/handler/mongrel.rb:38:in `run'
	/Users/carl/.rvm/gems/ree-1.8.7-2010.01/gems/rack-1.2.1/lib/rack/server.rb:213:in `start'
	/Users/carl/.rvm/gems/ree-1.8.7-2010.01/gems/rack-1.2.1/lib/rack/server.rb:100:in `start'
	/Users/carl/.rvm/gems/ree-1.8.7-2010.01/gems/rack-1.2.1/bin/rackup:4
	/Users/carl/.rvm/gems/ree-1.8.7-2010.01/bin/rackup:19:in `load'
	/Users/carl/.rvm/gems/ree-1.8.7-2010.01/bin/rackup:19
127.0.0.1 - - [13/Nov/2010 19:52:21] "GET /hi HTTP/1.1" 500 64351 0.0634
NoMethodError: undefined method `call' for nil:NilClass
	/Users/carl/.rvm/gems/ree-1.8.7-2010.01/gems/rack-1.2.1/lib/rack/lint.rb:48:in `_call'
	/Users/carl/.rvm/gems/ree-1.8.7-2010.01/gems/rack-1.2.1/lib/rack/lint.rb:36:in `call'
	/Users/carl/.rvm/gems/ree-1.8.7-2010.01/gems/rack-1.2.1/lib/rack/showexceptions.rb:24:in `call'
	/Users/carl/.rvm/gems/ree-1.8.7-2010.01/gems/rack-1.2.1/lib/rack/commonlogger.rb:18:in `call'
	/Users/carl/.rvm/gems/ree-1.8.7-2010.01/gems/rack-1.2.1/lib/rack/content_length.rb:13:in `call'
	/Users/carl/.rvm/gems/ree-1.8.7-2010.01/gems/rack-1.2.1/lib/rack/chunked.rb:15:in `call'
	/Users/carl/.rvm/gems/ree-1.8.7-2010.01/gems/rack-1.2.1/lib/rack/handler/mongrel.rb:67:in `process'
	/Users/carl/.rvm/gems/ree-1.8.7-2010.01/gems/mongrel-1.1.5/lib/mongrel.rb:159:in `process_client'
	/Users/carl/.rvm/gems/ree-1.8.7-2010.01/gems/mongrel-1.1.5/lib/mongrel.rb:158:in `each'
	/Users/carl/.rvm/gems/ree-1.8.7-2010.01/gems/mongrel-1.1.5/lib/mongrel.rb:158:in `process_client'
	/Users/carl/.rvm/gems/ree-1.8.7-2010.01/gems/mongrel-1.1.5/lib/mongrel.rb:285:in `run'
	/Users/carl/.rvm/gems/ree-1.8.7-2010.01/gems/mongrel-1.1.5/lib/mongrel.rb:285:in `initialize'
	/Users/carl/.rvm/gems/ree-1.8.7-2010.01/gems/mongrel-1.1.5/lib/mongrel.rb:285:in `new'
	/Users/carl/.rvm/gems/ree-1.8.7-2010.01/gems/mongrel-1.1.5/lib/mongrel.rb:285:in `run'
	/Users/carl/.rvm/gems/ree-1.8.7-2010.01/gems/mongrel-1.1.5/lib/mongrel.rb:268:in `initialize'
	/Users/carl/.rvm/gems/ree-1.8.7-2010.01/gems/mongrel-1.1.5/lib/mongrel.rb:268:in `new'
	/Users/carl/.rvm/gems/ree-1.8.7-2010.01/gems/mongrel-1.1.5/lib/mongrel.rb:268:in `run'
	/Users/carl/.rvm/gems/ree-1.8.7-2010.01/gems/rack-1.2.1/lib/rack/handler/mongrel.rb:38:in `run'
	/Users/carl/.rvm/gems/ree-1.8.7-2010.01/gems/rack-1.2.1/lib/rack/server.rb:213:in `start'
	/Users/carl/.rvm/gems/ree-1.8.7-2010.01/gems/rack-1.2.1/lib/rack/server.rb:100:in `start'
	/Users/carl/.rvm/gems/ree-1.8.7-2010.01/gems/rack-1.2.1/bin/rackup:4
	/Users/carl/.rvm/gems/ree-1.8.7-2010.01/bin/rackup:19:in `load'
	/Users/carl/.rvm/gems/ree-1.8.7-2010.01/bin/rackup:19
127.0.0.1 - - [13/Nov/2010 19:52:21] "GET /hi HTTP/1.1" 500 64351 0.0169
NoMethodError: undefined method `call' for nil:NilClass
	/Users/carl/.rvm/gems/ree-1.8.7-2010.01/gems/rack-1.2.1/lib/rack/lint.rb:48:in `_call'
	/Users/carl/.rvm/gems/ree-1.8.7-2010.01/gems/rack-1.2.1/lib/rack/lint.rb:36:in `call'
	/Users/carl/.rvm/gems/ree-1.8.7-2010.01/gems/rack-1.2.1/lib/rack/showexceptions.rb:24:in `call'
	/Users/carl/.rvm/gems/ree-1.8.7-2010.01/gems/rack-1.2.1/lib/rack/commonlogger.rb:18:in `call'
	/Users/carl/.rvm/gems/ree-1.8.7-2010.01/gems/rack-1.2.1/lib/rack/content_length.rb:13:in `call'
	/Users/carl/.rvm/gems/ree-1.8.7-2010.01/gems/rack-1.2.1/lib/rack/chunked.rb:15:in `call'
	/Users/carl/.rvm/gems/ree-1.8.7-2010.01/gems/rack-1.2.1/lib/rack/handler/mongrel.rb:67:in `process'
	/Users/carl/.rvm/gems/ree-1.8.7-2010.01/gems/mongrel-1.1.5/lib/mongrel.rb:159:in `process_client'
	/Users/carl/.rvm/gems/ree-1.8.7-2010.01/gems/mongrel-1.1.5/lib/mongrel.rb:158:in `each'
	/Users/carl/.rvm/gems/ree-1.8.7-2010.01/gems/mongrel-1.1.5/lib/mongrel.rb:158:in `process_client'
	/Users/carl/.rvm/gems/ree-1.8.7-2010.01/gems/mongrel-1.1.5/lib/mongrel.rb:285:in `run'
	/Users/carl/.rvm/gems/ree-1.8.7-2010.01/gems/mongrel-1.1.5/lib/mongrel.rb:285:in `initialize'
	/Users/carl/.rvm/gems/ree-1.8.7-2010.01/gems/mongrel-1.1.5/lib/mongrel.rb:285:in `new'
	/Users/carl/.rvm/gems/ree-1.8.7-2010.01/gems/mongrel-1.1.5/lib/mongrel.rb:285:in `run'
	/Users/carl/.rvm/gems/ree-1.8.7-2010.01/gems/mongrel-1.1.5/lib/mongrel.rb:268:in `initialize'
	/Users/carl/.rvm/gems/ree-1.8.7-2010.01/gems/mongrel-1.1.5/lib/mongrel.rb:268:in `new'
	/Users/carl/.rvm/gems/ree-1.8.7-2010.01/gems/mongrel-1.1.5/lib/mongrel.rb:268:in `run'
	/Users/carl/.rvm/gems/ree-1.8.7-2010.01/gems/rack-1.2.1/lib/rack/handler/mongrel.rb:38:in `run'
	/Users/carl/.rvm/gems/ree-1.8.7-2010.01/gems/rack-1.2.1/lib/rack/server.rb:213:in `start'
	/Users/carl/.rvm/gems/ree-1.8.7-2010.01/gems/rack-1.2.1/lib/rack/server.rb:100:in `start'
	/Users/carl/.rvm/gems/ree-1.8.7-2010.01/gems/rack-1.2.1/bin/rackup:4
	/Users/carl/.rvm/gems/ree-1.8.7-2010.01/bin/rackup:19:in `load'
	/Users/carl/.rvm/gems/ree-1.8.7-2010.01/bin/rackup:19
127.0.0.1 - - [13/Nov/2010 19:52:22] "GET /hi HTTP/1.1" 500 64351 0.0198
NoMethodError: undefined method `call' for nil:NilClass
	/Users/carl/.rvm/gems/ree-1.8.7-2010.01/gems/rack-1.2.1/lib/rack/lint.rb:48:in `_call'
	/Users/carl/.rvm/gems/ree-1.8.7-2010.01/gems/rack-1.2.1/lib/rack/lint.rb:36:in `call'
	/Users/carl/.rvm/gems/ree-1.8.7-2010.01/gems/rack-1.2.1/lib/rack/showexceptions.rb:24:in `call'
	/Users/carl/.rvm/gems/ree-1.8.7-2010.01/gems/rack-1.2.1/lib/rack/commonlogger.rb:18:in `call'
	/Users/carl/.rvm/gems/ree-1.8.7-2010.01/gems/rack-1.2.1/lib/rack/content_length.rb:13:in `call'
	/Users/carl/.rvm/gems/ree-1.8.7-2010.01/gems/rack-1.2.1/lib/rack/chunked.rb:15:in `call'
	/Users/carl/.rvm/gems/ree-1.8.7-2010.01/gems/rack-1.2.1/lib/rack/handler/mongrel.rb:67:in `process'
	/Users/carl/.rvm/gems/ree-1.8.7-2010.01/gems/mongrel-1.1.5/lib/mongrel.rb:159:in `process_client'
	/Users/carl/.rvm/gems/ree-1.8.7-2010.01/gems/mongrel-1.1.5/lib/mongrel.rb:158:in `each'
	/Users/carl/.rvm/gems/ree-1.8.7-2010.01/gems/mongrel-1.1.5/lib/mongrel.rb:158:in `process_client'
	/Users/carl/.rvm/gems/ree-1.8.7-2010.01/gems/mongrel-1.1.5/lib/mongrel.rb:285:in `run'
	/Users/carl/.rvm/gems/ree-1.8.7-2010.01/gems/mongrel-1.1.5/lib/mongrel.rb:285:in `initialize'
	/Users/carl/.rvm/gems/ree-1.8.7-2010.01/gems/mongrel-1.1.5/lib/mongrel.rb:285:in `new'
	/Users/carl/.rvm/gems/ree-1.8.7-2010.01/gems/mongrel-1.1.5/lib/mongrel.rb:285:in `run'
	/Users/carl/.rvm/gems/ree-1.8.7-2010.01/gems/mongrel-1.1.5/lib/mongrel.rb:268:in `initialize'
	/Users/carl/.rvm/gems/ree-1.8.7-2010.01/gems/mongrel-1.1.5/lib/mongrel.rb:268:in `new'
	/Users/carl/.rvm/gems/ree-1.8.7-2010.01/gems/mongrel-1.1.5/lib/mongrel.rb:268:in `run'
	/Users/carl/.rvm/gems/ree-1.8.7-2010.01/gems/rack-1.2.1/lib/rack/handler/mongrel.rb:38:in `run'
	/Users/carl/.rvm/gems/ree-1.8.7-2010.01/gems/rack-1.2.1/lib/rack/server.rb:213:in `start'
	/Users/carl/.rvm/gems/ree-1.8.7-2010.01/gems/rack-1.2.1/lib/rack/server.rb:100:in `start'
	/Users/carl/.rvm/gems/ree-1.8.7-2010.01/gems/rack-1.2.1/bin/rackup:4
	/Users/carl/.rvm/gems/ree-1.8.7-2010.01/bin/rackup:19:in `load'
	/Users/carl/.rvm/gems/ree-1.8.7-2010.01/bin/rackup:19
127.0.0.1 - - [13/Nov/2010 19:52:22] "GET /hi HTTP/1.1" 500 64351 0.0192
